<?xml version="1.0" encoding="UTF-8"?>
<!-- Generated by org.testng.reporters.JUnitReportReporter -->
<testsuite hostname="DESKTOP-HO149AT" failures="0" tests="10" name="com.SauceDemo.Base.VerifyCheckOutBtnCheckOutDataContinueBtnFinishBtnBackHomeBtn" time="77.871" errors="0" timestamp="2023-03-07T15:03:20 IST" skipped="0">
  <testcase classname="com.SauceDemo.Base.VerifyCheckOutBtnCheckOutDataContinueBtnFinishBtnBackHomeBtn" name="checkOutBTN" time="5.022"/>
  <system-out/>
  <testcase classname="com.SauceDemo.Base.VerifyCheckOutBtnCheckOutDataContinueBtnFinishBtnBackHomeBtn" name="checkOutBTN" time="8.894"/>
  <system-out/>
  <testcase classname="com.SauceDemo.Base.VerifyCheckOutBtnCheckOutDataContinueBtnFinishBtnBackHomeBtn" name="checkOutData" time="5.484"/>
  <system-out/>
  <testcase classname="com.SauceDemo.Base.VerifyCheckOutBtnCheckOutDataContinueBtnFinishBtnBackHomeBtn" name="continueBTN" time="5.438"/>
  <system-out/>
  <testcase classname="com.SauceDemo.Base.VerifyCheckOutBtnCheckOutDataContinueBtnFinishBtnBackHomeBtn" name="continueBTN" time="10.118"/>
  <system-out/>
  <testcase classname="com.SauceDemo.Base.VerifyCheckOutBtnCheckOutDataContinueBtnFinishBtnBackHomeBtn" name="checkOutData" time="9.772"/>
  <system-out/>
  <testcase classname="com.SauceDemo.Base.VerifyCheckOutBtnCheckOutDataContinueBtnFinishBtnBackHomeBtn" name="finishBTN" time="4.999"/>
  <system-out/>
  <testcase classname="com.SauceDemo.Base.VerifyCheckOutBtnCheckOutDataContinueBtnFinishBtnBackHomeBtn" name="finishBTN" time="11.168"/>
  <system-out/>
  <testcase classname="com.SauceDemo.Base.VerifyCheckOutBtnCheckOutDataContinueBtnFinishBtnBackHomeBtn" name="backHomeBTN" time="6.010"/>
  <system-out/>
  <testcase classname="com.SauceDemo.Base.VerifyCheckOutBtnCheckOutDataContinueBtnFinishBtnBackHomeBtn" name="backHomeBTN" time="10.966"/>
  <system-out/>
</testsuite> <!-- com.SauceDemo.Base.VerifyCheckOutBtnCheckOutDataContinueBtnFinishBtnBackHomeBtn -->
