<?xml version="1.0" encoding="UTF-8"?>
<!-- Generated by org.testng.reporters.JUnitReportReporter -->
<testsuite hostname="DESKTOP-HO149AT" failures="0" tests="2" name="com.SauceDemo.Base.VerifyProductSortContainerOptiosList3" time="14.404" errors="0" timestamp="2023-03-07T15:03:20 IST" skipped="0">
  <testcase classname="com.SauceDemo.Base.VerifyProductSortContainerOptiosList3" name="VerifyOptionNameLowToHighList" time="8.984"/>
  <system-out/>
  <testcase classname="com.SauceDemo.Base.VerifyProductSortContainerOptiosList3" name="VerifyOptionNameLowToHighList" time="5.420"/>
  <system-out/>
</testsuite> <!-- com.SauceDemo.Base.VerifyProductSortContainerOptiosList3 -->
