<?xml version="1.0" encoding="UTF-8"?>
<!-- Generated by org.testng.reporters.JUnitReportReporter -->
<testsuite hostname="DESKTOP-HO149AT" failures="0" tests="2" name="com.SauceDemo.Base.VerifyProductSortContainerOptiosList1" time="14.041" errors="0" timestamp="2023-03-07T15:03:20 IST" skipped="0">
  <testcase classname="com.SauceDemo.Base.VerifyProductSortContainerOptiosList1" name="VerifyOptionNameAtoZList" time="5.113"/>
  <system-out/>
  <testcase classname="com.SauceDemo.Base.VerifyProductSortContainerOptiosList1" name="VerifyOptionNameAtoZList" time="8.928"/>
  <system-out/>
</testsuite> <!-- com.SauceDemo.Base.VerifyProductSortContainerOptiosList1 -->
