<?xml version="1.0" encoding="UTF-8"?>
<!-- Generated by org.testng.reporters.JUnitReportReporter -->
<testsuite hostname="DESKTOP-HO149AT" failures="0" tests="2" name="com.SauceDemo.Base.VerifyHomePageTitle" time="15.404" errors="0" timestamp="2023-03-07T15:03:20 IST" skipped="0">
  <testcase classname="com.SauceDemo.Base.VerifyHomePageTitle" name="verifyHomePageTitle" time="5.922"/>
  <system-out/>
  <testcase classname="com.SauceDemo.Base.VerifyHomePageTitle" name="verifyHomePageTitle" time="9.482"/>
  <system-out/>
</testsuite> <!-- com.SauceDemo.Base.VerifyHomePageTitle -->
