<?xml version="1.0" encoding="UTF-8"?>
<!-- Generated by org.testng.reporters.JUnitReportReporter -->
<testsuite hostname="DESKTOP-HO149AT" failures="0" tests="2" name="com.SauceDemo.Base.VerifyProductSortContainerOptiosList2" time="13.668" errors="0" timestamp="2023-03-07T15:03:20 IST" skipped="0">
  <testcase classname="com.SauceDemo.Base.VerifyProductSortContainerOptiosList2" name="VerifyOptionNameZtoAList" time="4.761"/>
  <system-out/>
  <testcase classname="com.SauceDemo.Base.VerifyProductSortContainerOptiosList2" name="VerifyOptionNameZtoAList" time="8.907"/>
  <system-out/>
</testsuite> <!-- com.SauceDemo.Base.VerifyProductSortContainerOptiosList2 -->
