<?xml version="1.0" encoding="UTF-8"?>
<!-- Generated by org.testng.reporters.JUnitReportReporter -->
<testsuite hostname="DESKTOP-HO149AT" failures="0" tests="2" name="com.SauceDemo.Base.VerifyProductSortContainerOptiosList4" time="13.876" errors="0" timestamp="2023-03-07T15:03:20 IST" skipped="0">
  <testcase classname="com.SauceDemo.Base.VerifyProductSortContainerOptiosList4" name="VerifyOptionNameHighToLowList" time="9.175"/>
  <system-out/>
  <testcase classname="com.SauceDemo.Base.VerifyProductSortContainerOptiosList4" name="VerifyOptionNameHighToLowList" time="4.701"/>
  <system-out/>
</testsuite> <!-- com.SauceDemo.Base.VerifyProductSortContainerOptiosList4 -->
