<?xml version="1.0" encoding="UTF-8"?>
<!-- Generated by org.testng.reporters.JUnitReportReporter -->
<testsuite hostname="DESKTOP-HO149AT" failures="0" tests="2" name="com.SauceDemo.Base.VerifySettingBtnAndSettingOptionText" time="48.486" errors="0" timestamp="2023-03-07T15:03:20 IST" skipped="0">
  <testcase classname="com.SauceDemo.Base.VerifySettingBtnAndSettingOptionText" name="VerifySettingBtnAndSettingOptionText" time="9.686"/>
  <system-out/>
  <testcase classname="com.SauceDemo.Base.VerifySettingBtnAndSettingOptionText" name="VerifySettingBtnAndSettingOptionText" time="38.800"/>
  <system-out/>
</testsuite> <!-- com.SauceDemo.Base.VerifySettingBtnAndSettingOptionText -->
