<?xml version="1.0" encoding="UTF-8"?>
<!-- Generated by org.testng.reporters.JUnitReportReporter -->
<testsuite hostname="DESKTOP-HO149AT" failures="0" tests="2" name="com.SauceDemo.Base.VerifyHomePageProductsPriceOfSD" time="14.610" errors="0" timestamp="2023-03-07T15:03:20 IST" skipped="0">
  <testcase classname="com.SauceDemo.Base.VerifyHomePageProductsPriceOfSD" name="productPriceVerification" time="5.422"/>
  <system-out/>
  <testcase classname="com.SauceDemo.Base.VerifyHomePageProductsPriceOfSD" name="productPriceVerification" time="9.188"/>
  <system-out/>
</testsuite> <!-- com.SauceDemo.Base.VerifyHomePageProductsPriceOfSD -->
