<?xml version="1.0" encoding="UTF-8"?>
<!-- Generated by org.testng.reporters.JUnitReportReporter -->
<testsuite hostname="DESKTOP-HO149AT" failures="0" tests="2" name="com.SauceDemo.Base.VerifyLoginOfSDNegative" time="12.828" errors="0" timestamp="2023-03-07T15:03:20 IST" skipped="0">
  <testcase classname="com.SauceDemo.Base.VerifyLoginOfSDNegative" name="loginNegativeScenario" time="4.418"/>
  <system-out/>
  <testcase classname="com.SauceDemo.Base.VerifyLoginOfSDNegative" name="loginNegativeScenario" time="8.410"/>
  <system-out/>
</testsuite> <!-- com.SauceDemo.Base.VerifyLoginOfSDNegative -->
